<?xml version="1.0" encoding="UTF-8"?>
<!-- Generated by org.testng.reporters.JUnitXMLReporter -->
<testsuite ignored="0" hostname="DESKTOP-R5LJKK6" failures="0" tests="1" name="chrome" time="0.059" errors="0" timestamp="2023-02-05T11:57:09 IST">
  <testcase classname="crossbrowsertesting.crossbrowsertesting" name="@BeforeTest setup" time="-1.675578429734E9">
    <failure type="org.testng.TestNGException" message="
Parameter &amp;apos;browser&amp;apos; is required by BeforeTest on method setup but has not been marked @Optional or defined
in C:\Users\sujit\SeleniumTraining\seleniumlive\src\crossbrowsertesting\crossbrowser.xml">
      <![CDATA[org.testng.TestNGException: 
Parameter 'browser' is required by BeforeTest on method setup but has not been marked @Optional or defined
in C:\Users\sujit\SeleniumTraining\seleniumlive\src\crossbrowsertesting\crossbrowser.xml
... Removed 21 stack frames]]>
    </failure>
  </testcase> <!-- @BeforeTest setup -->
  <testcase classname="crossbrowsertesting.crossbrowsertesting" name="testParameterWithXML" time="0.0">
    <skipped/>
  </testcase> <!-- testParameterWithXML -->
</testsuite> <!-- chrome -->
